WARNING 2019-12-01 22:13:46,558 root : Some error has occured: 
HTTPConnectionPool(host='localhost', port=8000): Max retries exceeded with url: /health (Caused by NewConnectionError('<urllib3.connection.HTTPConnection object at 0x7f216103bf60>: Failed to establish a new connection: [Errno 111] Connection refused'))
WARNING 2019-12-01 22:14:59,725 root : Some error has occured: 
HTTPConnectionPool(host='localhost', port=8000): Max retries exceeded with url: /health (Caused by NewConnectionError('<urllib3.connection.HTTPConnection object at 0x7fbf1c678fd0>: Failed to establish a new connection: [Errno 111] Connection refused'))
WARNING 2019-12-01 22:16:02,497 root : Some error has occured: 
HTTPConnectionPool(host='localhost', port=8000): Max retries exceeded with url: /health (Caused by NewConnectionError('<urllib3.connection.HTTPConnection object at 0x7f1275cf9f60>: Failed to establish a new connection: [Errno 111] Connection refused'))
INFO 2019-12-01 22:16:34,060 root : Сервер доступний. Час на сервері: 2019-12-01 20:16:34
INFO 2019-12-01 22:16:34,060 root : Запитувана сторінка: : /health/
INFO 2019-12-01 22:16:34,060 root : Відповідь сервера місти наступні поля:
INFO 2019-12-01 22:16:34,060 root : Ключ: date, Значення: 2019-12-01 20:16:34
INFO 2019-12-01 22:16:34,061 root : Ключ: current_page, Значення: /health/
INFO 2019-12-01 22:16:34,061 root : Ключ: server_info, Значення: ['Linux', 'korchovskiy-VirtualBox', '5.0.0-23-generic', '#24~18.04.1-Ubuntu SMP Mon Jul 29 16:12:28 UTC 2019', 'x86_64']
INFO 2019-12-01 22:16:34,061 root : Ключ: client_info, Значення: python-requests/2.22.0
WARNING 2019-12-03 14:35:14,282 root : Some error has occured: 
HTTPConnectionPool(host='localhost', port=8000): Max retries exceeded with url: /health (Caused by NewConnectionError('<urllib3.connection.HTTPConnection object at 0x7f0994320090>: Failed to establish a new connection: [Errno 111] Connection refused'))
INFO 2019-12-03 14:36:14,396 root : Сервер доступний. Час на сервері: 2019-12-03 14:36:14
INFO 2019-12-03 14:36:14,396 root : Запитувана сторінка: : /health/
INFO 2019-12-03 14:36:14,397 root : Відповідь сервера місти наступні поля:
INFO 2019-12-03 14:36:14,397 root : Ключ: date, Значення: 2019-12-03 14:36:14
INFO 2019-12-03 14:36:14,397 root : Ключ: current_page, Значення: /health/
INFO 2019-12-03 14:36:14,397 root : Ключ: server_info, Значення: ['Linux', '97c4c3d3aaa7', '5.0.0-23-generic', '#24~18.04.1-Ubuntu SMP Mon Jul 29 16:12:28 UTC 2019', 'x86_64']
INFO 2019-12-03 14:36:14,397 root : Ключ: client_info, Значення: python-requests/2.22.0
INFO 2019-12-03 14:37:14,514 root : Сервер доступний. Час на сервері: 2019-12-03 14:37:14
INFO 2019-12-03 14:37:14,516 root : Запитувана сторінка: : /health/
INFO 2019-12-03 14:37:14,516 root : Відповідь сервера місти наступні поля:
INFO 2019-12-03 14:37:14,516 root : Ключ: date, Значення: 2019-12-03 14:37:14
INFO 2019-12-03 14:37:14,516 root : Ключ: current_page, Значення: /health/
INFO 2019-12-03 14:37:14,516 root : Ключ: server_info, Значення: ['Linux', '97c4c3d3aaa7', '5.0.0-23-generic', '#24~18.04.1-Ubuntu SMP Mon Jul 29 16:12:28 UTC 2019', 'x86_64']
INFO 2019-12-03 14:37:14,517 root : Ключ: client_info, Значення: python-requests/2.22.0
